-4.292467034863056696e-01 7.010693791975819433e-01 -5.305569458329725263e-01 -9.306452830961741141e-01 3.037754254893398898e-01 -2.800058759093368432e-01 5.271506781032113675e-01 -1.096713503742946863e-02 1.069470983864525271e-01 -2.355976255194168131e-02
8.043745885882376268e-01 -4.466055790732347264e-01 -3.354160789891645900e-01 3.087372850038729855e-01 5.446147821152164115e-01 -4.207749548977711695e-01 5.692273045133812437e-02 -5.726748392864272619e-02 -2.644156912241790724e-01 -3.251129979984483387e-01
-5.717241373045840458e-01 4.677918857846047884e-01 3.828908116154578489e-01 4.659641144561051385e-01 4.232831755781444327e-01 -6.045657993049625700e-01 -1.360990912091743610e+00 -2.537791461794945344e-02 -1.103965518902591425e+00 -8.659645253795222875e-02
5.583716313595256109e-01 -3.308584808385652276e-01 -1.638494655124901889e-01 3.232933448837550516e-01 -1.706084758355977393e-02 -6.747720107323454952e-01 -7.106233980054755817e-01 6.088320882355654495e-01 -3.275498370586209674e-03 8.320095869711588987e-01
-4.229335809840729099e-01 -6.870588951684855061e-01 -5.256639394852868907e-01 -5.439137107558921214e-01 2.113533186291381150e-01 4.868576575361025505e-01 -7.177071006531299258e-01 -6.710477372317682487e-01 6.037674214451850263e-01 6.767624452698527138e-02
-2.130298576505564034e-01 4.947178634912848261e-01 5.824691179690322240e-01 -4.246352354325690359e-01 -6.629588222047820556e-02 3.829282775630274971e-01 7.696022926404279263e-02 -1.698917535670870227e-01 -4.432153583036247957e-01 -1.873584842411566559e-02
-1.011798394614674690e+00 3.719035779574779155e-01 -3.543671632249408288e-01 6.567838767158732383e-01 3.039297854728347792e-01 -8.379690339827207402e-02 8.510536768951627862e-02 -1.888172549138773804e-01 1.028010451161022326e-01 -1.015642756192747465e+00
-4.348268081910148380e-02 -1.975443167074386053e-01 -2.734655391014850223e-01 2.509680238281272995e-03 -1.150781619250483973e-01 2.937204082511866293e-02 -5.764174852115780956e-01 -6.653438149849513206e-01 -5.553786352790873737e-01 -1.661716903217458075e-01
-3.456521121859916779e-01 4.347904594281044033e-01 -4.598431875666016966e-01 -8.510221408499617224e-02 -3.148869827575736524e-01 3.317905202309108792e-01 -6.930575134718484076e-01 -1.357941283835023376e-02 -1.568595443345548457e-01 9.654162145001152218e-02
-3.429030423572075326e-01 1.888617441015406351e-01 3.073382907330458186e-02 -5.014581058916410816e-01 -5.275491112334967925e-01 -1.273295185921108630e-01 1.604106914781611160e-01 4.738620035787496354e-01 -8.883212940162357185e-01 -6.683255611903805571e-01
-3.316350306981002277e-02 -6.721342607374949374e-01 -8.408237431076007184e-02 -1.913817011569226290e-01 -5.042733915418811108e-01 1.458963021199774779e-01 1.950294056813011156e-01 -4.377007746272522648e-01 -1.566776386674556265e-01 -9.112507430695199195e-02
-1.528912213270228415e+00 1.990460520139978595e-01 -3.181355067998059005e-01 2.449137908332936486e-01 -5.384836064132155625e-02 -6.101376382691198197e-02 1.014821624740720740e-01 -3.965228254343434178e-01 -3.963112838012698702e-02 -5.889870704256835454e-01
-2.136359468655798718e-02 -3.001925751774614515e-01 -5.928142348719350058e-02 -3.548404193599666301e-01 -3.501801511210787532e-01 9.169924484111154905e-01 -6.179086000392065570e-01 2.995683600354603557e-02 -2.252154763183087660e-01 -6.912762197656362462e-01
-3.128518016820394099e-01 4.285682216489800633e-01 -6.607024574112075888e-01 4.176380634421790750e-01 -2.264488891618612332e-01 7.063011489519910313e-01 -7.272549128925857032e-01 7.185617627255806994e-01 -8.147634650008741541e-01 -9.014705130989298931e-01
-5.768079489920422409e-01 2.265417993377625283e-01 3.748602455601086070e-01 -7.198352568141299646e-01 -3.167761835336878606e-01 -7.546350624757109937e-01 -2.314704531392052234e-01 4.793457340269564049e-01 9.135854170780989270e-01 1.546794463072693748e-01
1.081352107551906416e-01 -2.042155174402368323e-01 4.133758631276365780e-01 3.470850275888098802e-01 5.122690431927012789e-01 -2.082613822722952923e-01 7.299207709710063552e-02 -9.197522100169246428e-01 -5.494023049743577136e-01 -8.483095787707298774e-01
-5.853734715191666327e-01 -6.155236819934211123e-01 2.415133344824625938e-01 3.352421882520799368e-02 -9.335268978057977840e-01 -1.175667319405287126e+00 1.617574567037281807e-01 -8.702320597344122277e-02 4.039460838534955633e-01 4.637444071871619777e-01
1.254938448607009205e-01 6.455417245631814988e-03 -4.673097095493351505e-01 2.062413136201174668e-01 1.969078873321420398e-01 -3.420302009447365732e-01 1.843185953811414812e-01 6.197829016029146043e-01 -2.608966191595253337e-01 -1.131098207536243683e+00
-6.365544638061558340e-03 -2.757897337368526158e-01 1.387977159584256881e-01 2.961475859308892317e-02 4.159910630658595898e-01 -3.079405425896770687e-01 -1.520999320391166511e-02 -1.257271844425717211e-01 2.313570396617860569e-01 -6.279493068183494842e-01
-3.582620928777693337e-01 9.748429122643248457e-02 -1.052884259993577931e+00 1.054861020655592174e+00 2.271246065154622351e-01 2.844901272344130816e-01 -8.488543487887010297e-01 3.016269687823522339e-01 -4.043318308139094985e-01 2.679477693717599029e-01
-6.731418029344845566e-01 -6.272069763582188706e-01 -4.175470798834154257e-02 -6.414411878849808624e-02 4.737720954490893810e-01 -6.983419077422413634e-01 4.915046155552931784e-01 -6.324169440304342471e-01 -1.011311248181584688e+00 1.307339234095523439e+00
-4.854089800126419885e-01 3.076834639510215852e-01 2.259174229611295714e-01 -1.170524231622888767e+00 -1.366352568880230267e-01 -4.551498482120243660e-01 2.687277437773535338e-01 -5.444003725559960483e-01 2.951405601567304582e-01 2.834931139520887045e-01
8.515151408329075799e-01 -9.493366091730903733e-02 3.188395482854431418e-01 -5.192599149237123526e-03 -3.985958264087153397e-02 -2.980607258157725314e-01 1.448162844462834165e-01 2.788805086982693027e-01 -8.925390312195405351e-02 1.969825082939124505e-01
-4.711261332267474566e-01 1.014372338891269820e-01 1.225586288914775474e-02 3.392066349244235446e-01 -5.168947715047885749e-01 -2.351803653775980107e-01 -3.318891450575361945e-01 9.522188450027623680e-03 -2.319609341471105535e-01 2.247587978594980385e-01
-5.673762069725664103e-01 -6.735070459450306912e-02 -3.439027720500137941e-01 1.927174122319346913e-02 3.507658029830134638e-01 -3.219120154490539010e-01 -2.380051865117772669e-01 2.926955604207517880e-01 4.957012934556583039e-02 -5.284579420985563436e-01
8.208287401295306929e-02 4.157281839835622050e-01 1.917636093925666890e-02 -4.256331346519391379e-01 3.448585229221270421e-01 3.257776533027447255e-03 7.113029089602785904e-01 6.419219622921908119e-02 -3.959684055231731392e-01 -5.479082836556671277e-01
8.567015786606397842e-01 2.285002150565262347e-01 1.206568005353962497e-01 -8.732603609465909855e-01 4.352616677672881962e-01 -4.627071396306361439e-01 4.879933960060079956e-01 -2.626522562615274392e-02 -8.752081423930228032e-01 -2.702739073797758573e-01
6.393900236465621667e-01 2.836878687321017223e-01 6.659780260544342356e-01 -4.425961329459863758e-01 -2.484300562871146478e-01 -7.050076395667174978e-02 -8.714995110854265592e-01 -1.429854719166259169e-01 4.955989098764408962e-01 -1.302779983775719241e-01
4.068747539063095608e-01 -2.047889477430566429e-01 -2.917661910750168897e-01 -6.199636680394003951e-01 -5.292082238095551228e-01 -2.915879018747711757e-02 -6.154394868508532568e-01 4.175164619979487290e-01 6.513016086982593988e-02 -7.489016603036454667e-01
-1.947321684852993673e-01 -9.036229396427519767e-01 -2.585135789228198422e-01 -4.611430966299608913e-01 -1.168066643510649455e-01 -1.754735828872910075e-01 -1.546907060669405198e-01 -2.572735059370636623e-01 -3.636502813213451923e-01 -3.483694272422359073e-01
2.177657852432069996e-01 4.674787706541677634e-01 -5.440449591882169367e-01 -3.095759430970591586e-01 -3.283397494555910234e-01 -7.174183215821859916e-01 -7.928067073506293860e-02 1.363008709670278096e-01 3.341564682307094358e-01 -8.304660753409869034e-02
-4.270202785334803464e-01 1.009741875205826672e-01 6.898326579710299666e-02 -1.025628321331593512e-01 -3.325087990811745331e-01 3.975808469350929353e-01 1.006944513245989326e+00 -3.625076926225476726e-01 -2.987774477766519943e-01 -4.180365171127107815e-01
-1.105682249074898954e-01 2.793107078482914285e-01 1.851283915080541298e-01 -4.048571304738702442e-02 -5.893852127116966377e-01 -4.660362828776052901e-01 2.669905170702402408e-01 -1.609793157418434040e-01 2.715524144978844201e-01 2.594342690918097771e-01
6.759323953900745474e-01 -3.312456661779132339e-01 -4.266900606986694100e-03 5.772674874355555596e-01 -4.531348483587321341e-01 8.216322321834678560e-03 8.233803728237140684e-02 1.145334142675395600e-01 -5.127872504980616197e-01 5.219868959962185029e-01
-3.288459939917756647e-01 2.735465196597648974e-01 -9.265568304769840058e-01 -2.688132039380683458e-01 -4.056331282600423305e-01 3.138782364057388641e-01 -5.294504847623778820e-01 -4.697733500447263677e-01 -3.546337785485462191e-01 2.541426179235076188e-01
4.095157911009968954e-01 -4.596778581446388512e-01 -4.202052664829787343e-01 -1.021117914081995481e+00 -9.780518846568300173e-01 7.540570019328362017e-01 -2.118780520835532657e-02 3.828531008904226263e-01 -6.576871406289597211e-01 -6.553720364352165484e-02
5.725497758534104850e-03 8.198848567818901589e-01 9.012961690687576466e-02 3.731233713939556829e-01 -5.759440136343433325e-01 3.163156512933401610e-01 2.283884698337310948e-01 4.666326148887992575e-01 3.328393064905050824e-01 2.113119186030662233e-01
-1.927694213602671180e-01 7.245428433728356987e-03 2.123191652079968114e-02 -2.745144247886714406e-01 -2.354132383070101919e-01 1.142874221670048263e+00 2.381225705018193417e-01 -5.869825734496935121e-01 -5.254695342507323952e-01 -1.575499516030914038e-01
3.130266069630145975e-01 -3.062971429639091969e-01 -6.572304568792290969e-01 -1.520637536272209933e-01 -5.033612108455373102e-01 -4.390285917068758037e-01 -3.140774332902597221e-01 2.719020136648012675e-01 -4.802213034446540796e-01 -2.104267948458022897e-01
3.699997331540546552e-01 -4.231749810368601317e-01 -1.510850976565940140e+00 -7.226216825691726686e-02 1.613363708327318624e-02 1.373328800585615073e-01 2.403442010574529941e-01 3.595672800853754736e-01 -1.336646929587514077e+00 -3.339675934677016067e-01
-7.831324491122672316e-02 -4.501963469681753705e-02 1.810367447700217403e-01 -3.039864999627117093e-01 4.082673044015464048e-01 4.401294682430027111e-02 -6.344630672882720646e-01 -2.724628882859922441e-01 9.896612291589799992e-02 -3.619589192944102085e-01
-4.231187070201490874e-01 8.577572768198167275e-01 4.575447912041954446e-01 9.506082843151634210e-01 -9.119310953788953844e-01 -6.747587136834436450e-01 1.014861934690308720e-01 -4.425655779113156219e-01 -5.070222198507158551e-02 -4.577694894515683677e-01
-1.053432754804463495e-01 1.963214397312315340e-01 -2.464597827479637210e-02 4.109518976424431091e-01 -6.040632272569015360e-01 5.194512565680285965e-01 -9.569373566829406097e-02 -9.557651126845315703e-01 4.592884214256075515e-01 -8.181437927689011458e-01
-6.527503164001451086e-02 4.416473560457036956e-02 3.243910209309865955e-01 -5.296368205046977223e-02 2.739050476756801911e-01 -7.748025114056009688e-01 -9.718152714009520299e-01 -5.556336876276973813e-01 -2.822363853919654941e-01 6.438479273627855104e-01
-3.174114266220390834e-01 -2.871351297702872118e-01 2.399260289737301377e-01 -2.374664847077500307e-01 -3.766883128732529395e-01 3.227201535176372760e-01 2.755376653107981591e-02 6.001165306501855534e-01 -4.213535601731826508e-01 4.309100425735518103e-01
-3.721598582823479329e-01 -5.683943429621413079e-01 3.755335371838455782e-01 -3.498027805040183069e-01 -5.375352728364481969e-01 -8.452108750384886016e-02 -4.186040610241482662e-01 2.426065466995233066e-01 -1.461622123319912814e-01 4.575803565908503900e-01
1.628923449252965561e-01 -1.112999569241859416e-01 4.537542021209117205e-01 2.800028267303977803e-01 6.035450790587412739e-02 -1.131517931205656413e-01 -1.566979126731272987e-01 -7.466855858307940297e-01 6.116944748483188476e-01 -1.160791631028062348e-01
-2.725975748388343445e-01 3.008297734984403116e-01 3.370694863685221865e-01 8.370918908547096970e-01 -1.784515846530661254e-01 -5.605622406066137486e-01 3.168713690198253774e-01 1.320699922672811666e-01 -1.906603297052828494e-01 2.270236964649894884e-01
-2.482420303264036843e-01 -9.946776967699509642e-02 2.489215518268902624e-02 -7.651741060677719197e-01 -7.605859470046223425e-01 -7.013944246863178522e-01 4.842692562244553800e-01 -4.778679242713595454e-01 -6.332943541257547437e-01 2.879963058745736437e-01
3.318742251759547734e-01 4.488816668562694429e-02 -2.467483546331618871e-01 -8.820520213171436641e-01 -1.928060632225554183e-01 3.941787096458620326e-02 5.310544508738972436e-01 -1.470556305245187267e-01 -2.074144363848799168e-03 7.893035082247473744e-02
-3.669513140933654549e-01 -2.115013503550790541e-01 -2.938865314922253780e-01 -1.173559957010675836e-01 -9.082522248457639003e-02 8.866575916342386288e-01 -8.897505535164652590e-01 -2.556956732450031411e-01 5.023564408314076454e-03 -4.566969370101942732e-02
-1.964675818594868451e-01 -6.303063705834915931e-01 -5.536304120574912085e-02 7.107692817058867962e-02 -8.465157755256621508e-01 3.239160298116904313e-01 5.310427013162425380e-01 6.143913336233519651e-01 -8.050719303631886925e-01 -9.837974073863822166e-01
-1.241085068727784818e-01 -1.165434798813960865e-01 -1.790210167828776289e-01 2.732910118905592101e-01 -1.268127534053949512e+00 -4.516785600140970636e-01 -8.381328967590434553e-01 -3.617618012280482409e-02 2.298501586652651821e-02 2.192292783456483429e-01
6.197352158578013359e-01 -9.527414545268215740e-01 -3.505797711736931555e-01 5.386825409248011676e-01 -1.117264859626540263e-01 -3.127793733684314237e-01 -9.531026110333587487e-02 -7.481606073019823056e-01 7.516057022434744495e-01 -4.027448193983152458e-01
-1.651453375934250623e-01 5.297413348630712893e-01 -5.529330622906197812e-01 -1.328499437690488227e-01 -6.303965386868315424e-01 1.813551054219855740e-02 -1.860022198629885382e-01 -1.632735574777948728e-01 3.649525890907616699e-01 7.031454420498726154e-01
-5.027014508245319924e-01 -8.157571355192200224e-01 1.922852015133693360e-01 -7.046072039021200606e-01 -4.271105707101243154e-01 -1.415636304291493543e-02 -2.914119833092924106e-01 -2.850367676205654011e-01 -8.702468933202084367e-02 -2.764074910216437336e-02
-4.323378438801986356e-01 1.682620976854544703e-01 9.204755961962385324e-01 3.815121103904058897e-01 1.821725731114023639e-01 3.058681372478599947e-01 1.230879952572317138e-01 4.232413929670539865e-01 -4.170768649013294471e-01 3.863120039172745490e-01
-1.697927477414349628e-01 -7.397140547056045845e-01 -3.710638313934139787e-01 -4.024132453493031725e-01 6.460176888093670522e-01 -3.300835997878717176e-01 4.072586028272823788e-01 -4.282771926533580076e-01 1.337170655486489945e+00 2.597695561135479059e-01
2.606023853796585743e-01 9.934269911547034815e-02 1.523556888059482139e-01 -7.263074004996016020e-02 3.938257073263741748e-01 -3.812435262818957005e-02 5.350029635137080186e-01 -9.850615072030836916e-02 -2.690173735407251909e-01 -5.826776544241057953e-01
1.830343154077221091e-01 3.836743520051548728e-01 1.500285618551694955e-01 -5.416372514096379209e-01 6.445939325085836558e-01 -2.849113300983140418e-01 -5.497269487776537122e-01 -1.303856393158461247e-01 1.063797728158523831e-01 1.861073163706842004e-01
-3.252519066611533893e-01 3.924233503899621778e-01 -5.966726031849147738e-01 2.276982691950078519e-01 -3.784369650970498822e-01 -5.799778403143008437e-02 -8.458095662546075144e-02 -3.364993249366293182e-01 -1.099538381394375847e-01 -8.660816354913421222e-02
2.129513096569999042e-01 -1.347534473638611896e-01 2.670227466430058483e-01 -5.551750436662528099e-01 4.286624426867242238e-02 -3.852699697087492298e-02 -9.460390313357471825e-01 -4.875818474515291601e-01 -4.693638011217547423e-01 5.292141869824186495e-02
-1.503317292590123089e-01 -1.280074964886851593e-03 5.987721499849523177e-01 1.639941639652341132e-01 2.106987265481230220e-01 -9.826199187129888157e-01 -4.066561261626720075e-02 -2.236188335560846396e-01 -1.986297947145086729e-01 2.395670832521400728e-01
-3.161087402406366764e-01 -4.317469725202529029e-01 2.504205812148907473e-01 -1.569627928550497709e-01 9.503295625946288627e-01 4.788785952215915964e-01 3.558822246114005661e-01 -3.865059141840363616e-02 -3.993045258103408157e-01 -1.894534037912898872e-01
2.915004708770349562e-01 -9.526161655051179622e-02 -3.488718580956116089e-01 6.794089514563042553e-02 -1.117913982314479693e+00 -3.545446007032086455e-01 -7.655306207002364749e-01 3.413064546207784100e-01 -2.053200735434958513e-01 -6.715481248608143883e-01
-1.250171344561693265e-01 -9.365436014402219733e-01 5.421041016265003565e-01 -3.436280867362622171e-01 4.180669017533821252e-01 -2.012233048401849689e-01 -1.324446457257338616e-01 4.034679271606445017e-01 -1.340149197170602768e+00 -2.299712826387363407e-01
4.106196953723078580e-01 -5.316290597765397363e-01 -8.176632714320335449e-01 -3.881184614658003684e-01 -7.811473302228734428e-02 4.909813659525543716e-01 6.630042373539429823e-02 -1.716361837351264297e-01 5.616261974089280518e-01 -3.712633091027833787e-02
-7.073780252844358296e-01 1.244861705007120761e-01 -1.995070787763925380e-01 -1.369541936531512571e-01 1.283399870212639904e+00 -4.247193893218845773e-01 8.751413551804138047e-02 -5.273751340751902522e-02 -9.006212608610725603e-03 -5.654381751675723322e-01
6.904713434911133874e-01 -6.571842362526666426e-01 -1.141553135203909219e+00 2.770286556513631981e-01 1.545979101122948174e-01 5.792879630749521169e-01 3.023702498995530785e-01 -3.629057268728292374e-01 2.435930580078400631e-01 5.652811529066029683e-01
-4.370338851480519704e-01 -3.161820623162324706e-01 -1.406615890000508517e-01 6.110686970164569409e-02 -2.312315463187112619e-01 -3.566742750675899187e-01 3.548695134807379747e-01 7.327896996620256176e-02 -1.353975404258258020e-01 -3.038076154208824153e-01
-7.546063592982892310e-01 2.616812741094844963e-01 2.926453976484938088e-02 -2.131272986871153921e-02 2.203852902027653160e-01 -8.991335158361218882e-01 4.482289538276709173e-01 3.410218380542020533e-01 -9.166360086067851798e-01 7.069610498978937674e-01
-7.051460786589924812e-01 -8.704137527350990222e-01 1.852277338544736779e-02 -8.070902816649960787e-01 -2.017820613133964047e-01 4.297282103204771442e-01 1.323459243794828100e-01 1.452440351781532080e-01 3.620368142468116113e-01 -2.495991672675868800e-01
1.242933148371301727e-01 7.449093278998752954e-02 -3.945841364555154884e-01 1.040507723116899513e-01 -9.300875734702715447e-02 4.462220876696124106e-02 4.395599053295466963e-01 -9.586187033383102296e-01 1.357953914137577378e-01 4.781225954204736950e-01
-4.686488263605078086e-01 -1.908072990962032256e-01 -4.669384408700654188e-01 -2.478878475018346239e-01 3.746245530091569242e-01 8.733858312251389922e-02 2.743626317435454154e-01 -7.639224343063378830e-01 -4.993131781251421986e-01 1.197632283507633760e-01
2.815157557698060309e-01 -6.940779349671622606e-03 3.842651322035233186e-01 -4.233862604705007637e-01 -3.160644942257048173e-01 7.257150700198410076e-02 -1.590343606143248267e-01 -8.646283003829464686e-01 1.431580252039192126e-02 -2.516975465759343708e-02
-7.510935037849181262e-01 3.555972213338032262e-01 2.491685589257311151e-01 -6.584544633481616005e-01 -3.763687199867464250e-01 -1.873120016123935028e-01 -1.141412083497957280e-01 4.598179173097977634e-01 -2.633081716192207100e-01 -3.788597665100824630e-01
4.739856837075631102e-01 -1.381110825376021589e+00 2.473107421842451470e-01 3.076779995996805628e-01 -3.889517742421114144e-01 -8.910512994583380530e-01 -3.137982395440439692e-02 6.825829592937224799e-01 3.540725307511540798e-01 -2.973133779606563776e-01
-7.747101962667890529e-01 -3.143234971888185236e-01 -2.582111235447720823e-02 -1.388397084146436589e-01 7.003987043759504760e-02 3.807685724785002303e-03 4.755325811161973948e-01 -3.023185603532547172e-01 3.752230058073964813e-01 -7.556370593367132127e-01
-5.784967829221870916e-01 1.656495357840853666e-01 -2.212377444601435206e-01 2.715553035161556439e-01 1.214223299289508978e-01 5.817674884857264583e-01 -1.142195994262209385e-01 9.385001289593286611e-02 7.995883102418378519e-01 -1.101737996615344550e-01
7.202633019448304585e-01 3.349949145706251907e-01 2.848681400287762511e-01 7.090539778243961644e-01 7.382376246673832791e-03 -2.510835629686111736e-01 -1.324989374478514337e-01 1.463342744906622472e-01 1.342563942556994905e-01 -7.909487290169305851e-01
7.774099375088380226e-01 5.972996456703314472e-01 -7.175827096192265442e-01 -5.232729410566970829e-01 -9.153306777458558585e-02 -4.802056588911108870e-01 3.567949049421343943e-01 -6.497632798239809659e-01 -3.033725742126991420e-01 -4.126977082547879094e-01
-1.377781313213956249e+00 2.118912841255488066e-01 -3.192346652800274742e-01 3.435144284082240485e-01 -3.457043997269967917e-01 1.664524640535781363e-01 -5.941187185874098609e-02 -2.740190652002070237e-01 -6.912855433980966691e-01 6.660804115756826516e-01
1.427278131780293224e-01 2.772305147292737915e-01 -2.076120176907585990e-01 1.149299012736574033e-01 3.503095467899789567e-02 -3.296591061050760385e-01 -3.181132706863919468e-01 8.057304580172321151e-02 6.851843241741975010e-01 -9.335917053758052697e-02
3.368565269786739924e-02 -6.833284134497824569e-01 6.428012041348056815e-01 -8.161720045018081016e-02 -5.212347326602261299e-01 -1.191081668623615863e+00 -1.027029251618552408e+00 3.582532436784357510e-01 -4.190565824994860744e-01 -8.646930192302869633e-01
3.443768305552388775e-01 -2.966215545527589592e-01 -1.510806800483822585e-02 3.522622240497244595e-01 1.060482222585513057e+00 4.148465922899033931e-01 -4.244601101027116186e-01 4.136230027996568026e-01 -5.160736256955932300e-01 -4.943592064737156733e-01
-1.142398987992990500e-01 1.371694200920492955e-02 -9.468971893327750300e-02 -5.394947211554090849e-01 1.610270119190699289e-01 7.013350553340851334e-01 2.024672756853977684e-02 5.195684075546869174e-01 6.725006363118725405e-02 -1.636461008105355996e-01
-6.325863535121731829e-01 9.281427669382690260e-01 3.419158596324500254e-01 3.924874846285295593e-01 -5.795538127405689410e-01 -3.831752216513634873e-02 -2.198400209671634020e-01 -5.699446866359459962e-01 1.412569485782912970e-01 -2.958002062854129810e-01
-5.401107337402887010e-02 1.866436832723856465e-01 -2.942693023935540886e-01 -6.173587515548609739e-01 4.117158054859406668e-01 3.155901417975709999e-01 -4.787474313455034047e-01 -4.181859747979551623e-01 6.256449924293265852e-01 -2.613808954157014752e-01
3.565494300034970920e-01 -3.203808160731606014e-01 7.734347350350512240e-01 -4.352170403706175916e-01 -1.153215015621012474e-01 -5.204662298194410175e-01 5.082341778863629089e-02 2.146992559992588478e-01 2.774586548219329374e-01 7.666968581722921616e-02
-2.237174143188540298e-01 -8.069615072917842857e-01 -4.004645995543178461e-01 4.346713449616845804e-01 -1.918746710233647790e-01 3.644507236866526001e-01 -5.736794451204922929e-01 3.334793786842882302e-01 4.771633427681253314e-01 6.294820306043196201e-01
-3.997262096191828151e-02 -3.853058145938734746e-01 -3.936633913754801761e-01 5.061528802510661257e-02 7.252399233443306004e-02 3.951487422466457705e-02 -1.301127396194395013e-02 -8.360537555179266000e-01 4.888489472512682066e-01 -4.412587506812882254e-01
-3.376870154144870351e-01 1.250178031849610572e-01 2.121501640737898375e-01 -4.045831325393940969e-01 4.499361230588251326e-01 4.590688017372245022e-02 -2.675871510808594533e-01 8.903387073029932208e-02 -2.318519875892998683e-01 5.025666672856246020e-01
-8.069945132512512664e-01 -1.462378830049294517e-02 -5.731760416133029334e-01 -2.792018769189691385e-01 6.050982966972097143e-01 -6.815472510944747819e-01 4.649916882321773748e-02 3.713704791985362741e-01 -2.873222910975607447e-01 4.199603627245842574e-01
-2.219001572236423137e-01 -2.928101960028316464e-01 3.458842711395170300e-01 5.527731917486909952e-01 -6.928868552446493245e-02 3.912106352485926197e-01 -4.455656279002106479e-01 -1.446546487103588241e-01 -1.169814618928502609e-01 -5.627236799733739137e-01
-3.159678425320536777e-01 -5.045765891372974155e-01 3.302711691749815603e-01 3.197498646634606700e-01 3.838034104667883972e-01 -2.577065339028921098e-01 -5.320317662926939972e-01 3.808344440552065002e-01 -1.777279895615901939e-01 6.028484723909197651e-01
4.647045965513307841e-01 -5.581095171053325199e-01 1.449774035763116420e-01 -7.575554717635309965e-01 -5.761016517842899587e-01 3.891547518554140939e-01 1.164430410695091594e-01 8.248915071663042164e-01 -1.756066542683406839e-01 -1.194480841536457727e-01
3.017136486601614265e-01 -1.390723609897394630e-01 2.964947729677303578e-01 -7.188532995329442732e-02 -9.435956333800691320e-01 2.118099793429880084e-01 -2.453179495720178571e-02 -1.360446663729031114e+00 1.809385264621349576e-01 2.803513715914883186e-01
1.002004285220182145e-01 2.195313340567794647e-01 -6.109144425660179012e-01 -4.485861069714280891e-01 1.021047364046520078e+00 -6.872234601348867766e-01 -3.510192024392997379e-01 4.833135149910642858e-01 5.661064720107759074e-01 4.092606869203259112e-01
-4.321725036717731228e-01 4.851861376378097668e-01 2.062743506242758762e-01 4.394248818318125527e-01 -1.572113392807860388e-01 -4.885180901001982545e-01 1.931549705386546769e-03 -1.634279615496807003e-01 6.919259549214591687e-02 -4.097172912868340955e-01
-7.799527728599574272e-02 2.205237673330270320e-01 -9.857922035954940210e-01 -9.943873541888273992e-01 -1.833018359548041765e-01 -4.733716683406912623e-02 2.005389744978222366e-01 -1.725591649171640818e-01 2.318547571576737576e-01 -2.757003701622752212e-01
